0 info it worked if it ends with ok
1 verbose cli [ 'D:\\nodejs\\\\node.exe',
1 verbose cli   'D:\\nodejs\\node_modules\\npm\\bin\\npm-cli.js',
1 verbose cli   'install' ]
2 info using npm@2.5.1
3 info using node@v0.12.0
4 verbose node symlink D:\nodejs\\node.exe
5 error install Couldn't read dependencies
6 verbose stack Error: Invalid name: "Hisune Coder Tools"
6 verbose stack     at ensureValidName (D:\nodejs\node_modules\npm\node_modules\normalize-package-data\lib\fixer.js:322:15)
6 verbose stack     at Object.module.exports.fixNameField (D:\nodejs\node_modules\npm\node_modules\normalize-package-data\lib\fixer.js:211:5)
6 verbose stack     at D:\nodejs\node_modules\npm\node_modules\normalize-package-data\lib\normalize.js:30:38
6 verbose stack     at Array.forEach (native)
6 verbose stack     at normalize (D:\nodejs\node_modules\npm\node_modules\normalize-package-data\lib\normalize.js:29:15)
6 verbose stack     at final (D:\nodejs\node_modules\npm\node_modules\read-package-json\read-json.js:342:33)
6 verbose stack     at then (D:\nodejs\node_modules\npm\node_modules\read-package-json\read-json.js:126:33)
6 verbose stack     at D:\nodejs\node_modules\npm\node_modules\read-package-json\read-json.js:316:48
6 verbose stack     at evalmachine.<anonymous>:265:20
6 verbose stack     at OpenReq.Req.done (D:\nodejs\node_modules\npm\node_modules\graceful-fs\graceful-fs.js:141:5)
7 verbose cwd D:\hct
8 error Windows_NT 6.1.7601
9 error argv "D:\\nodejs\\\\node.exe" "D:\\nodejs\\node_modules\\npm\\bin\\npm-cli.js" "install"
10 error node v0.12.0
11 error npm  v2.5.1
12 error Invalid name: "Hisune Coder Tools"
13 error If you need help, you may report this error at:
13 error     <http://github.com/npm/npm/issues>
14 verbose exit [ 1, true ]
